Game

Seed 30

ApocalypseNow2018 3.0
names          Maincra Demo Demo Demo
land
   000000000011111111112222222222333333333344444444445555555555
   012345678901234567890123456789012345678901234567890123456789

00 XXXXXXXXXXXXXXXXXXXXXXXXXXXXXXXXXXXXXXXXXXXXXXXXXXXXXXXXXXXX
01 X......::::::::..............................::::::::......X
02 X.:::::::::::::::..........................:::::::::::::::.X
03 X.:::::::::::::::..........................:::::::::::::::.X
04 X.:::::::::::::::...OO................OO...:::::::::::::::.X
05 X.::::::::::::::::.OOOO..............OOOO.::::::::::::::::.X
06 X:::::::::::::::::.OOOOO............OOOOO.:::::::::::::::::X
07 X:::::::::::::::::..OO.OOO........OOO.OO..:::::::::::::::::X
08 X::::::::::::::::::......O........O......::::::::::::::::::X
09 X:::::::::::::::::::::::.O........O.:::::::::::::::::::::::X
10 X:::::::::::::::...::::..O........O..::::...:::::::::::::::X
11 X:::::::::::::...X.::::.OO........OO.::::.X...:::::::::::::X
12 X.::::::::.....XXX.::...O..........O...::.XXX.....::::::::.X
13 X.::::::::.XXXXX...::.OOO..........OOO.::...XXXXX.::::::::.X
14 X:::::::::.X.....:::..OOO..........OOO..:::.....X.:::::::::X
15 X:::::::::.X.....:...OOOO.OOOOOOOO.OOOO...:.....X.:::::::::X
16 X:::::::::.X..XX.:.OOO....O......O....OOO.:.XX..X.:::::::::X
17 X.:::......X...X.:.OOO.OOOO......OOOO.OOO.:.X...X......:::.X
18 X.:::.OO...XXXXX.:...OOO............OOO...:.XXXXX...OO.:::.X
19 X.:::.OO.........:::.....::::..::::.....:::.........OO.:::.X
20 X.::..OOOOOO.::::::::::::::::..::::::::::::::::.OOOOOO..::.X
21 X....OOOOOOO.::::::::::::::::::::::::::::::::::.OOOOOOO....X
22 X..OOOOOOOO..::::::::::::::::::::::::::::::::::..OOOOOOOO..X
23 X..OOOOOOO..::::::::::::::.:....:.::::::::::::::..OOOOOOO..X
24 X...OOOOOO.:::::::::::::::........:::::::::::::::.OOOOOO...X
25 X....OOO....::::::::::::::........::::::::::::::....OOO....X
26 X....O.......::::::::::::..........::::::::::::.......O....X
27 X.OOOO........::::::::::............::::::::::........OOOO.X
28 X.OOOOO..........::::::..............::::::..........OOOOO.X
29 X.OOOOO.............::................::.............OOOOO.X
30 X.OOOOO.............::................::.............OOOOO.X
31 X.OOOOO..........::::::..............::::::..........OOOOO.X
32 X.OOOO........::::::::::............::::::::::........OOOO.X
33 X....O.......::::::::::::..........::::::::::::.......O....X
34 X....OOO....::::::::::::::........::::::::::::::....OOO....X
35 X...OOOOOO.:::::::::::::::........:::::::::::::::.OOOOOO...X
36 X..OOOOOOO..::::::::::::::.:....:.::::::::::::::..OOOOOOO..X
37 X..OOOOOOOO..::::::::::::::::::::::::::::::::::..OOOOOOOO..X
38 X....OOOOOOO.::::::::::::::::::::::::::::::::::.OOOOOOO....X
39 X.::..OOOOOO.::::::::::::::::..::::::::::::::::.OOOOOO..::.X
40 X.:::.OO.........:::.....::::..::::.....:::.........OO.:::.X
41 X.:::.OO...XXXXX.:...OOO............OOO...:.XXXXX...OO.:::.X
42 X.:::......X...X.:.OOO.OOOO......OOOO.OOO.:.X...X......:::.X
43 X:::::::::.X..XX.:.OOO....O......O....OOO.:.XX..X.:::::::::X
44 X:::::::::.X.....:...OOOO.OOOOOOOO.OOOO...:.....X.:::::::::X
45 X:::::::::.X.....:::..OOO..........OOO..:::.....X.:::::::::X
46 X.::::::::.XXXXX...::.OOO..........OOO.::...XXXXX.::::::::.X
47 X.::::::::.....XXX.::...O..........O...::.XXX.....::::::::.X
48 X:::::::::::::...X.::::.OO........OO.::::.X...:::::::::::::X
49 X:::::::::::::::...::::..O........O..::::...:::::::::::::::X
50 X:::::::::::::::::::::::.O........O.:::::::::::::::::::::::X
51 X::::::::::::::::::......O........O......::::::::::::::::::X
52 X:::::::::::::::::..OO.OOO........OOO.OO..:::::::::::::::::X
53 X:::::::::::::::::.OOOOO............OOOOO.:::::::::::::::::X
54 X.::::::::::::::::.OOOO..............OOOO.::::::::::::::::.X
55 X.:::::::::::::::...OO................OO...:::::::::::::::.X
56 X.:::::::::::::::..........................:::::::::::::::.X
57 X.:::::::::::::::..........................:::::::::::::::.X
58 X......::::::::..............................::::::::......X
59 XXXXXXXXXXXXXXXXXXXXXXXXXXXXXXXXXXXXXXXXXXXXXXXXXXXXXXXXXXXX

posts
player	i	j	value	
-1	10	22	100
-1	10	37	100
-1	49	37	100
-1	49	22	100
-1	2	2	100
-1	2	57	100
-1	57	57	100
-1	57	2	100
-1	10	8	50
-1	10	51	50
-1	49	51	50
-1	49	8	50
-1	25	19	50
-1	25	40	50
-1	34	40	50
-1	34	19	50

units
id	type	player	i	j	life	ori	napalm	parachuters	
1	2	0	5	15	-1	0	30	0	
2	2	0	15	5	-1	1	30	0	
3	2	1	5	44	-1	0	30	0	
4	2	1	15	54	-1	3	30	0	
5	2	2	54	44	-1	2	30	0	
6	2	2	44	54	-1	3	30	0	
7	2	3	54	15	-1	2	30	0	
8	2	3	44	5	-1	1	30	0	
9	1	0	25	15	100	-1	-1	0	
10	1	1	25	44	100	-1	-1	0	
11	1	2	34	44	100	-1	-1	0	
12	1	3	34	15	100	-1	-1	0	
13	1	0	3	7	100	-1	-1	0	
14	1	1	3	52	100	-1	-1	0	
15	1	2	56	52	100	-1	-1	0	
16	1	3	56	7	100	-1	-1	0	
17	1	0	3	25	100	-1	-1	0	
18	1	1	3	34	100	-1	-1	0	
19	1	2	56	34	100	-1	-1	0	
20	1	3	56	25	100	-1	-1	0	
21	1	0	3	13	100	-1	-1	0	
22	1	1	3	46	100	-1	-1	0	
23	1	2	56	46	100	-1	-1	0	
24	1	3	56	13	100	-1	-1	0	
25	1	0	21	26	100	-1	-1	0	
26	1	1	21	33	100	-1	-1	0	
27	1	2	38	33	100	-1	-1	0	
28	1	3	38	26	100	-1	-1	0	
29	1	0	16	6	100	-1	-1	0	
30	1	1	16	53	100	-1	-1	0	
31	1	2	43	53	100	-1	-1	0	
32	1	3	43	6	100	-1	-1	0	
33	1	0	10	11	100	-1	-1	0	
34	1	1	10	48	100	-1	-1	0	
35	1	2	49	48	100	-1	-1	0	
36	1	3	49	11	100	-1	-1	0	
37	1	0	8	17	100	-1	-1	0	
38	1	1	8	42	100	-1	-1	0	
39	1	2	51	42	100	-1	-1	0	
40	1	3	51	17	100	-1	-1	0	
41	1	0	24	11	100	-1	-1	0	
42	1	1	24	48	100	-1	-1	0	
43	1	2	35	48	100	-1	-1	0	
44	1	3	35	11	100	-1	-1	0	
45	1	0	20	15	100	-1	-1	0	
46	1	1	20	44	100	-1	-1	0	
47	1	2	39	44	100	-1	-1	0	
48	1	3	39	15	100	-1	-1	0	
49	1	0	2	22	100	-1	-1	0	
50	1	1	2	37	100	-1	-1	0	
51	1	2	57	37	100	-1	-1	0	
52	1	3	57	22	100	-1	-1	0	
53	1	0	6	7	100	-1	-1	0	
54	1	1	6	52	100	-1	-1	0	
55	1	2	53	52	100	-1	-1	0	
56	1	3	53	7	100	-1	-1	0	
57	1	0	2	16	100	-1	-1	0	
58	1	1	2	43	100	-1	-1	0	
59	1	2	57	43	100	-1	-1	0	
60	1	3	57	16	100	-1	-1	0	
61	1	0	16	2	100	-1	-1	0	
62	1	1	16	57	100	-1	-1	0	
63	1	2	43	57	100	-1	-1	0	
64	1	3	43	2	100	-1	-1	0	
65	1	0	7	3	100	-1	-1	0	
66	1	1	7	56	100	-1	-1	0	
67	1	2	52	56	100	-1	-1	0	
68	1	3	52	3	100	-1	-1	0	
69	1	0	24	23	100	-1	-1	0	
70	1	1	24	36	100	-1	-1	0	
71	1	2	35	36	100	-1	-1	0	
72	1	3	35	23	100	-1	-1	0	
73	1	0	27	23	100	-1	-1	0	
74	1	1	27	36	100	-1	-1	0	
75	1	2	32	36	100	-1	-1	0	
76	1	3	32	23	100	-1	-1	0	
77	1	0	18	9	100	-1	-1	0	
78	1	1	18	50	100	-1	-1	0	
79	1	2	41	50	100	-1	-1	0	
80	1	3	41	9	100	-1	-1	0	
81	1	0	8	27	100	-1	-1	0	
82	1	1	8	32	100	-1	-1	0	
83	1	2	51	32	100	-1	-1	0	
84	1	3	51	27	100	-1	-1	0	
85	1	0	20	23	100	-1	-1	0	
86	1	1	20	36	100	-1	-1	0	
87	1	2	39	36	100	-1	-1	0	
88	1	3	39	23	100	-1	-1	0	
-1

fire
rounds	i	j
-1

round 0

total_score
20	20	20	20	

status
0	0	0	0	

land
   000000000011111111112222222222333333333344444444445555555555
   012345678901234567890123456789012345678901234567890123456789

00 XXXXXXXXXXXXXXXXXXXXXXXXXXXXXXXXXXXXXXXXXXXXXXXXXXXXXXXXXXXX
01 X......::::::::..............................::::::::......X
02 X.:::::::::::::::..........................:::::::::::::::.X
03 X.:::::::::::::::..........................:::::::::::::::.X
04 X.:::::::::::::::...OO................OO...:::::::::::::::.X
05 X.::::::::::::::::.OOOO..............OOOO.::::::::::::::::.X
06 X:::::::::::::::::.OOOOO............OOOOO.:::::::::::::::::X
07 X:::::::::::::::::..OO.OOO........OOO.OO..:::::::::::::::::X
08 X::::::::::::::::::......O........O......::::::::::::::::::X
09 X:::::::::::::::::::::::.O........O.:::::::::::::::::::::::X
10 X:::::::::::::::...::::..O........O..::::...:::::::::::::::X
11 X:::::::::::::...X.::::.OO........OO.::::.X...:::::::::::::X
12 X.::::::::.....XXX.::...O..........O...::.XXX.....::::::::.X
13 X.::::::::.XXXXX...::.OOO..........OOO.::...XXXXX.::::::::.X
14 X:::::::::.X.....:::..OOO..........OOO..:::.....X.:::::::::X
15 X:::::::::.X.....:...OOOO.OOOOOOOO.OOOO...:.....X.:::::::::X
16 X:::::::::.X..XX.:.OOO....O......O....OOO.:.XX..X.:::::::::X
17 X.:::......X...X.:.OOO.OOOO......OOOO.OOO.:.X...X......:::.X
18 X.:::.OO...XXXXX.:...OOO............OOO...:.XXXXX...OO.:::.X
19 X.:::.OO.........:::.....::::..::::.....:::.........OO.:::.X
20 X.::..OOOOOO.::::::::::::::::..::::::::::::::::.OOOOOO..::.X
21 X....OOOOOOO.::::::::::::::::::::::::::::::::::.OOOOOOO....X
22 X..OOOOOOOO..::::::::::::::::::::::::::::::::::..OOOOOOOO..X
23 X..OOOOOOO..::::::::::::::.:....:.::::::::::::::..OOOOOOO..X
24 X...OOOOOO.:::::::::::::::........:::::::::::::::.OOOOOO...X
25 X....OOO....::::::::::::::........::::::::::::::....OOO....X
26 X....O.......::::::::::::..........::::::::::::.......O....X
27 X.OOOO........::::::::::............::::::::::........OOOO.X
28 X.OOOOO..........::::::..............::::::..........OOOOO.X
29 X.OOOOO.............::................::.............OOOOO.X
30 X.OOOOO.............::................::.............OOOOO.X
31 X.OOOOO..........::::::..............::::::..........OOOOO.X
32 X.OOOO........::::::::::............::::::::::........OOOO.X
33 X....O.......::::::::::::..........::::::::::::.......O....X
34 X....OOO....::::::::::::::........::::::::::::::....OOO....X
35 X...OOOOOO.:::::::::::::::........:::::::::::::::.OOOOOO...X
36 X..OOOOOOO..::::::::::::::.:....:.::::::::::::::..OOOOOOO..X
37 X..OOOOOOOO..::::::::::::::::::::::::::::::::::..OOOOOOOO..X
38 X....OOOOOOO.::::::::::::::::::::::::::::::::::.OOOOOOO....X
39 X.::..OOOOOO.::::::::::::::::..::::::::::::::::.OOOOOO..::.X
40 X.:::.OO.........:::.....::::..::::.....:::.........OO.:::.X
41 X.:::.OO...XXXXX.:...OOO............OOO...:.XXXXX...OO.:::.X
42 X.:::......X...X.:.OOO.OOOO......OOOO.OOO.:.X...X......:::.X
43 X:::::::::.X..XX.:.OOO....O......O....OOO.:.XX..X.:::::::::X
44 X:::::::::.X.....:...OOOO.OOOOOOOO.OOOO...:.....X.:::::::::X
45 X:::::::::.X.....:::..OOO..........OOO..:::.....X.:::::::::X
46 X.::::::::.XXXXX...::.OOO..........OOO.::...XXXXX.::::::::.X
47 X.::::::::.....XXX.::...O..........O...::.XXX.....::::::::.X
48 X:::::::::::::...X.::::.OO........OO.::::.X...:::::::::::::X
49 X:::::::::::::::...::::..O........O..::::...:::::::::::::::X
50 X:::::::::::::::::::::::.O........O.:::::::::::::::::::::::X
51 X::::::::::::::::::......O........O......::::::::::::::::::X
52 X:::::::::::::::::..OO.OOO........OOO.OO..:::::::::::::::::X
53 X:::::::::::::::::.OOOOO............OOOOO.:::::::::::::::::X
54 X.::::::::::::::::.OOOO..............OOOO.::::::::::::::::.X
55 X.:::::::::::::::...OO................OO...:::::::::::::::.X
56 X.:::::::::::::::..........................:::::::::::::::.X
57 X.:::::::::::::::..........................:::::::::::::::.X
58 X......::::::::..............................::::::::......X
59 XXXXXXXXXXXXXXXXXXXXXXXXXXXXXXXXXXXXXXXXXXXXXXXXXXXXXXXXXXXX

posts
player	i	j	value	
-1	10	22	100
-1	10	37	100
-1	49	37	100
-1	49	22	100
-1	2	2	100
-1	2	57	100
-1	57	57	100
-1	57	2	100
-1	10	8	50
-1	10	51	50
-1	49	51	50
-1	49	8	50
-1	25	19	50
-1	25	40	50
-1	34	40	50
-1	34	19	50

units
id	type	player	i	j	life	ori	napalm	parachuters	
1	2	0	6	15	-1	0	29	0	
2	2	0	15	5	-1	0	29	0	
3	2	1	7	44	-1	0	29	0	
4	2	1	15	52	-1	3	29	0	
5	2	2	52	44	-1	2	29	0	
6	2	2	44	52	-1	3	29	0	
7	2	3	52	15	-1	2	29	0	
8	2	3	44	7	-1	1	29	0	
9	1	0	25	16	100	-1	-1	0	
10	1	1	25	43	100	-1	-1	0	
11	1	2	34	45	100	-1	-1	0	
12	1	3	34	15	100	-1	-1	0	
13	1	0	2	6	100	-1	-1	0	
14	1	1	4	51	100	-1	-1	0	
15	1	2	56	53	100	-1	-1	0	
16	1	3	57	7	100	-1	-1	0	
17	1	0	2	24	100	-1	-1	0	
18	1	1	2	33	100	-1	-1	0	
19	1	2	55	35	100	-1	-1	0	
20	1	3	55	26	100	-1	-1	0	
21	1	0	2	12	100	-1	-1	0	
22	1	1	3	47	100	-1	-1	0	
23	1	2	56	46	100	-1	-1	0	
24	1	3	56	12	100	-1	-1	0	
25	1	0	20	25	100	-1	-1	0	
26	1	1	20	32	100	-1	-1	0	
27	1	2	37	33	100	-1	-1	0	
28	1	3	38	27	100	-1	-1	0	
29	1	0	15	6	100	-1	-1	0	
30	1	1	16	54	100	-1	-1	0	
31	1	2	44	52	100	-1	-1	0	
32	1	3	42	7	100	-1	-1	0	
33	1	0	9	10	100	-1	-1	0	
34	1	1	11	48	100	-1	-1	0	
35	1	2	50	49	100	-1	-1	0	
36	1	3	49	10	100	-1	-1	0	
37	1	0	9	18	100	-1	-1	0	
38	1	1	9	43	100	-1	-1	0	
39	1	2	50	41	100	-1	-1	0	
40	1	3	51	16	100	-1	-1	0	
41	1	0	24	12	100	-1	-1	0	
42	1	1	24	49	100	-1	-1	0	
43	1	2	34	48	100	-1	-1	0	
44	1	3	34	10	100	-1	-1	0	
45	1	0	21	15	100	-1	-1	0	
46	1	1	21	44	100	-1	-1	0	
47	1	2	38	43	100	-1	-1	0	
48	1	3	39	14	100	-1	-1	0	
49	1	0	2	21	100	-1	-1	0	
50	1	1	3	37	100	-1	-1	0	
51	1	2	56	36	100	-1	-1	0	
52	1	3	58	21	100	-1	-1	0	
53	1	0	7	6	100	-1	-1	0	
54	1	1	7	51	100	-1	-1	0	
55	1	2	54	53	100	-1	-1	0	
56	1	3	54	8	100	-1	-1	0	
57	1	0	1	15	100	-1	-1	0	
58	1	1	3	43	100	-1	-1	0	
59	1	2	56	44	100	-1	-1	0	
60	1	3	57	15	100	-1	-1	0	
61	1	0	15	2	100	-1	-1	0	
62	1	1	15	56	100	-1	-1	0	
63	1	2	44	57	100	-1	-1	0	
64	1	3	43	3	100	-1	-1	0	
65	1	0	6	3	100	-1	-1	0	
66	1	1	6	56	100	-1	-1	0	
67	1	2	52	56	100	-1	-1	0	
68	1	3	53	3	100	-1	-1	0	
69	1	0	23	22	100	-1	-1	0	
70	1	1	25	35	100	-1	-1	0	
71	1	2	35	35	100	-1	-1	0	
72	1	3	35	22	100	-1	-1	0	
73	1	0	26	22	100	-1	-1	0	
74	1	1	26	36	100	-1	-1	0	
75	1	2	32	36	100	-1	-1	0	
76	1	3	33	23	100	-1	-1	0	
77	1	0	17	9	100	-1	-1	0	
78	1	1	17	49	100	-1	-1	0	
79	1	2	42	49	100	-1	-1	0	
80	1	3	40	8	100	-1	-1	0	
81	1	0	7	26	100	-1	-1	0	
82	1	1	9	32	100	-1	-1	0	
83	1	2	52	31	100	-1	-1	0	
84	1	3	52	26	100	-1	-1	0	
85	1	0	21	22	100	-1	-1	0	
86	1	1	21	36	100	-1	-1	0	
87	1	2	39	37	100	-1	-1	0	
88	1	3	40	22	100	-1	-1	0	
-1

fire
rounds	i	j
-1

round 1

total_score
40	40	40	40	

status
0	0	0	0	

land
   000000000011111111112222222222333333333344444444445555555555
   012345678901234567890123456789012345678901234567890123456789

00 XXXXXXXXXXXXXXXXXXXXXXXXXXXXXXXXXXXXXXXXXXXXXXXXXXXXXXXXXXXX
01 X......::::::::..............................::::::::......X
02 X.:::::::::::::::..........................:::::::::::::::.X
03 X.:::::::::::::::..........................:::::::::::::::.X
04 X.:::::::::::::::...OO................OO...:::::::::::::::.X
05 X.::::::::::::::::.OOOO..............OOOO.::::::::::::::::.X
06 X:::::::::::::::::.OOOOO............OOOOO.:::::::::::::::::X
07 X:::::::::::::::::..OO.OOO........OOO.OO..:::::::::::::::::X
08 X::::::::::::::::::......O........O......::::::::::::::::::X
09 X:::::::::::::::::::::::.O........O.:::::::::::::::::::::::X
10 X:::::::::::::::...::::..O........O..::::...:::::::::::::::X
11 X:::::::::::::...X.::::.OO........OO.::::.X...:::::::::::::X
12 X.::::::::.....XXX.::...O..........O...::.XXX.....::::::::.X
13 X.::::::::.XXXXX...::.OOO..........OOO.::...XXXXX.::::::::.X
14 X:::::::::.X.....:::..OOO..........OOO..:::.....X.:::::::::X
15 X:::::::::.X.....:...OOOO.OOOOOOOO.OOOO...:.....X.:::::::::X
16 X:::::::::.X..XX.:.OOO....O......O....OOO.:.XX..X.:::::::::X
17 X.:::......X...X.:.OOO.OOOO......OOOO.OOO.:.X...X......:::.X
18 X.:::.OO...XXXXX.:...OOO............OOO...:.XXXXX...OO.:::.X
19 X.:::.OO.........:::.....::::..::::.....:::.........OO.:::.X
20 X.::..OOOOOO.::::::::::::::::..::::::::::::::::.OOOOOO..::.X
21 X....OOOOOOO.::::::::::::::::::::::::::::::::::.OOOOOOO....X
22 X..OOOOOOOO..::::::::::::::::::::::::::::::::::..OOOOOOOO..X
23 X..OOOOOOO..::::::::::::::.:....:.::::::::::::::..OOOOOOO..X
24 X...OOOOOO.:::::::::::::::........:::::::::::::::.OOOOOO...X
25 X....OOO....::::::::::::::........::::::::::::::....OOO....X
26 X....O.......::::::::::::..........::::::::::::.......O....X
27 X.OOOO........::::::::::............::::::::::........OOOO.X
28 X.OOOOO..........::::::..............::::::..........OOOOO.X
29 X.OOOOO.............::................::.............OOOOO.X
30 X.OOOOO.............::................::.............OOOOO.X
31 X.OOOOO..........::::::..............::::::..........OOOOO.X
32 X.OOOO........::::::::::............::::::::::........OOOO.X
33 X....O.......::::::::::::..........::::::::::::.......O....X
34 X....OOO....::::::::::::::........::::::::::::::....OOO....X
35 X...OOOOOO.:::::::::::::::........:::::::::::::::.OOOOOO...X
36 X..OOOOOOO..::::::::::::::.:....:.::::::::::::::..OOOOOOO..X
37 X..OOOOOOOO..::::::::::::::::::::::::::::::::::..OOOOOOOO..X
38 X....OOOOOOO.::::::::::::::::::::::::::::::::::.OOOOOOO....X
39 X.::..OOOOOO.::::::::::::::::..::::::::::::::::.OOOOOO..::.X
40 X.:::.OO.........:::.....::::..::::.....:::.........OO.:::.X
41 X.:::.OO...XXXXX.:...OOO............OOO...:.XXXXX...OO.:::.X
42 X.:::......X...X.:.OOO.OOOO......OOOO.OOO.:.X...X......:::.X
43 X:::::::::.X..XX.:.OOO....O......O....OOO.:.XX..X.:::::::::X
44 X:::::::::.X.....:...OOOO.OOOOOOOO.OOOO...:.....X.:::::::::X
45 X:::::::::.X.....:::..OOO..........OOO..:::.....X.:::::::::X
46 X.::::::::.XXXXX...::.OOO..........OOO.::...XXXXX.::::::::.X
47 X.::::::::.....XXX.::...O..........O...::.XXX.....::::::::.X
48 X:::::::::::::...X.::::.OO........OO.::::.X...:::::::::::::X
49 X:::::::::::::::...::::..O........O..::::...:::::::::::::::X
50 X:::::::::::::::::::::::.O........O.:::::::::::::::::::::::X
51 X::::::::::::::::::......O........O......::::::::::::::::::X
52 X:::::::::::::::::..OO.OOO........OOO.OO..:::::::::::::::::X
53 X:::::::::::::::::.OOOOO............OOOOO.:::::::::::::::::X
54 X.::::::::::::::::.OOOO..............OOOO.::::::::::::::::.X
55 X.:::::::::::::::...OO................OO...:::::::::::::::.X
56 X.:::::::::::::::..........................:::::::::::::::.X
57 X.:::::::::::::::..........................:::::::::::::::.X
58 X......::::::::..............................::::::::......X
59 XXXXXXXXXXXXXXXXXXXXXXXXXXXXXXXXXXXXXXXXXXXXXXXXXXXXXXXXXXXX

posts
player	i	j	value	
-1	10	22	100
-1	10	37	100
-1	49	37	100
-1	49	22	100
-1	2	2	100
-1	2	57	100
-1	57	57	100
-1	57	2	100
-1	10	8	50
-1	10	51	50
-1	49	51	50
-1	49	8	50
-1	25	19	50
-1	25	40	50
-1	34	40	50
-1	34	19	50

units
id	type	player	i	j	life	ori	napalm	parachuters	
1	2	0	7	15	-1	0	28	0	
2	2	0	15	5	-1	1	28	0	
3	2	1	7	44	-1	1	28	0	
4	2	1	15	52	-1	0	28	0	
5	2	2	51	44	-1	2	28	0	
6	2	2	44	51	-1	3	28	0	
7	2	3	51	15	-1	2	28	0	
8	2	3	44	8	-1	1	28	0	
9	1	0	25	17	100	-1	-1	0	
10	1	1	24	44	100	-1	-1	0	
11	1	2	34	46	100	-1	-1	0	
12	1	3	34	16	100	-1	-1	0	
13	1	0	1	5	100	-1	-1	0	
14	1	1	3	51	100	-1	-1	0	
15	1	2	56	54	100	-1	-1	0	
16	1	3	57	6	100	-1	-1	0	
17	1	0	1	23	100	-1	-1	0	
18	1	1	2	34	100	-1	-1	0	
19	1	2	56	36	100	-1	-1	0	
20	1	3	54	26	100	-1	-1	0	
21	1	0	1	11	100	-1	-1	0	
22	1	1	2	46	100	-1	-1	0	
23	1	2	55	45	100	-1	-1	0	
24	1	3	56	11	100	-1	-1	0	
25	1	0	20	24	100	-1	-1	0	
26	1	1	20	32	100	-1	-1	0	
27	1	2	38	32	100	-1	-1	0	
28	1	3	38	26	100	-1	-1	0	
29	1	0	14	6	100	-1	-1	0	
30	1	1	17	55	100	-1	-1	0	
31	1	2	45	53	100	-1	-1	0	
32	1	3	42	8	100	-1	-1	0	
33	1	0	9	9	100	-1	-1	0	
34	1	1	12	47	100	-1	-1	0	
35	1	2	49	50	100	-1	-1	0	
36	1	3	49	10	100	-1	-1	0	
37	1	0	10	19	100	-1	-1	0	
38	1	1	8	42	100	-1	-1	0	
39	1	2	51	41	100	-1	-1	0	
40	1	3	51	16	100	-1	-1	0	
41	1	0	24	13	100	-1	-1	0	
42	1	1	24	49	100	-1	-1	0	
43	1	2	33	49	100	-1	-1	0	
44	1	3	34	10	100	-1	-1	0	
45	1	0	22	16	100	-1	-1	0	
46	1	1	20	43	100	-1	-1	0	
47	1	2	39	42	100	-1	-1	0	
48	1	3	39	14	100	-1	-1	0	
49	1	0	3	20	100	-1	-1	0	
50	1	1	4	37	100	-1	-1	0	
51	1	2	55	37	100	-1	-1	0	
52	1	3	58	21	100	-1	-1	0	
53	1	0	8	6	100	-1	-1	0	
54	1	1	6	52	100	-1	-1	0	
55	1	2	54	54	100	-1	-1	0	
56	1	3	54	7	100	-1	-1	0	
57	1	0	1	14	100	-1	-1	0	
58	1	1	4	44	100	-1	-1	0	
59	1	2	57	45	100	-1	-1	0	
60	1	3	58	16	100	-1	-1	0	
61	1	0	14	2	100	-1	-1	0	
62	1	1	15	56	100	-1	-1	0	
63	1	2	43	56	100	-1	-1	0	
64	1	3	42	4	100	-1	-1	0	
65	1	0	5	3	100	-1	-1	0	
66	1	1	5	56	100	-1	-1	0	
67	1	2	52	57	100	-1	-1	0	
68	1	3	53	2	100	-1	-1	0	
69	1	0	23	21	100	-1	-1	0	
70	1	1	26	34	100	-1	-1	0	
71	1	2	35	34	100	-1	-1	0	
72	1	3	35	21	100	-1	-1	0	
73	1	0	25	21	100	-1	-1	0	
74	1	1	26	36	100	-1	-1	0	
75	1	2	33	37	100	-1	-1	0	
76	1	3	34	23	100	-1	-1	0	
77	1	0	16	9	100	-1	-1	0	
78	1	1	16	49	100	-1	-1	0	
79	1	2	42	49	100	-1	-1	0	
80	1	3	40	8	100	-1	-1	0	
81	1	0	6	25	100	-1	-1	0	
82	1	1	9	32	100	-1	-1	0	
83	1	2	51	31	100	-1	-1	0	
84	1	3	53	27	100	-1	-1	0	
85	1	0	22	21	100	-1	-1	0	
86	1	1	21	35	100	-1	-1	0	
87	1	2	38	38	100	-1	-1	0	
88	1	3	40	22	100	-1	-1	0	
-1

fire
rounds	i	j
-1

round 2

total_score
60	60	60	60	

status
0	0	0	0	

land
   000000000011111111112222222222333333333344444444445555555555
   012345678901234567890123456789012345678901234567890123456789

00 XXXXXXXXXXXXXXXXXXXXXXXXXXXXXXXXXXXXXXXXXXXXXXXXXXXXXXXXXXXX
01 X......::::::::..............................::::::::......X
02 X.:::::::::::::::..........................:::::::::::::::.X
03 X.:::::::::::::::..........................:::::::::::::::.X
04 X.:::::::::::::::...OO................OO...:::::::::::::::.X
05 X.::::::::::::::::.OOOO..............OOOO.::::::::::::::::.X
06 X:::::::::::::::::.OOOOO............OOOOO.:::::::::::::::::X
07 X:::::::::::::::::..OO.OOO........OOO.OO..:::::::::::::::::X
08 X::::::::::::::::::......O........O......::::::::::::::::::X
09 X:::::::::::::::::::::::.O........O.:::::::::::::::::::::::X
10 X:::::::::::::::...::::..O........O..::::...:::::::::::::::X
11 X:::::::::::::...X.::::.OO........OO.::::.X...:::::::::::::X
12 X.::::::::.....XXX.::...O..........O...::.XXX.....::::::::.X
13 X.::::::::.XXXXX...::.OOO..........OOO.::...XXXXX.::::::::.X
14 X:::::::::.X.....:::..OOO..........OOO..:::.....X.:::::::::X
15 X:::::::::.X.....:...OOOO.OOOOOOOO.OOOO...:.....X.:::::::::X
16 X:::::::::.X..XX.:.OOO....O......O....OOO.:.XX..X.:::::::::X
17 X.:::......X...X.:.OOO.OOOO......OOOO.OOO.:.X...X......:::.X
18 X.:::.OO...XXXXX.:...OOO............OOO...:.XXXXX...OO.:::.X
19 X.:::.OO.........:::.....::::..::::.....:::.........OO.:::.X
20 X.::..OOOOOO.::::::::::::::::..::::::::::::::::.OOOOOO..::.X
21 X....OOOOOOO.::::::::::::::::::::::::::::::::::.OOOOOOO....X
22 X..OOOOOOOO..::::::::::::::::::::::::::::::::::..OOOOOOOO..X
23 X..OOOOOOO..::::::::::::::.:....:.::::::::::::::..OOOOOOO..X
24 X...OOOOOO.:::::::::::::::........:::::::::::::::.OOOOOO...X
25 X....OOO....::::::::::::::........::::::::::::::....OOO....X
26 X....O.......::::::::::::..........::::::::::::.......O....X
27 X.OOOO........::::::::::............::::::::::........OOOO.X
28 X.OOOOO..........::::::..............::::::..........OOOOO.X
29 X.OOOOO.............::................::.............OOOOO.X
30 X.OOOOO.............::................::.............OOOOO.X
31 X.OOOOO..........::::::..............::::::..........OOOOO.X
32 X.OOOO........::::::::::............::::::::::........OOOO.X
33 X....O.......::::::::::::..........::::::::::::.......O....X
34 X....OOO....::::::::::::::........::::::::::::::....OOO....X
35 X...OOOOOO.:::::::::::::::........:::::::::::::::.OOOOOO...X
36 X..OOOOOOO..::::::::::::::.:....:.::::::::::::::..OOOOOOO..X
37 X..OOOOOOOO..::::::::::::::::::::::::::::::::::..OOOOOOOO..X
38 X....OOOOOOO.::::::::::::::::::::::::::::::::::.OOOOOOO....X
39 X.::..OOOOOO.::::::::::::::::..::::::::::::::::.OOOOOO..::.X
40 X.:::.OO.........:::.....::::..::::.....:::.........OO.:::.X
41 X.:::.OO...XXXXX.:...OOO............OOO...:.XXXXX...OO.:::.X
42 X.:::......X...X.:.OOO.OOOO......OOOO.OOO.:.X...X......:::.X
43 X:::::::::.X..XX.:.OOO....O......O....OOO.:.XX..X.:::::::::X
44 X:::::::::.X.....:...OOOO.OOOOOOOO.OOOO...:.....X.:::::::::X
45 X:::::::::.X.....:::..OOO..........OOO..:::.....X.:::::::::X
46 X.::::::::.XXXXX...::.OOO..........OOO.::...XXXXX.::::::::.X
47 X.::::::::.....XXX.::...O..........O...::.XXX.....::::::::.X
48 X:::::::::::::...X.::::.OO........OO.::::.X...:::::::::::::X
49 X:::::::::::::::...::::..O........O..::::...:::::::::::::::X
50 X:::::::::::::::::::::::.O........O.:::::::::::::::::::::::X
51 X::::::::::::::::::......O........O......::::::::::::::::::X
52 X:::::::::::::::::..OO.OOO........OOO.OO..:::::::::::::::::X
53 X:::::::::::::::::.OOOOO............OOOOO.:::::::::::::::::X
54 X.::::::::::::::::.OOOO..............OOOO.::::::::::::::::.X
55 X.:::::::::::::::...OO................OO...:::::::::::::::.X
56 X.:::::::::::::::..........................:::::::::::::::.X
57 X.:::::::::::::::..........................:::::::::::::::.X
58 X......::::::::..............................::::::::......X
59 XXXXXXXXXXXXXXXXXXXXXXXXXXXXXXXXXXXXXXXXXXXXXXXXXXXXXXXXXXXX

posts
player	i	j	value	
-1	10	22	100
-1	10	37	100
-1	49	37	100
-1	49	22	100
-1	2	2	100
-1	2	57	100
-1	57	57	100
-1	57	2	100
0	10	8	50
-1	10	51	50
-1	49	51	50
-1	49	8	50
-1	25	19	50
-1	25	40	50
-1	34	40	50
-1	34	19	50

units
id	type	player	i	j	life	ori	napalm	parachuters	
1	2	0	8	15	-1	0	27	0	
2	2	0	15	5	-1	2	27	0	
3	2	1	7	46	-1	1	27	0	
4	2	1	15	52	-1	1	27	0	
5	2	2	51	44	-1	2	27	0	
6	2	2	44	51	-1	0	27	0	
7	2	3	51	15	-1	2	27	0	
8	2	3	44	8	-1	1	27	0	
9	1	0	25	18	100	-1	-1	0	
10	1	1	24	43	100	-1	-1	0	
11	1	2	34	46	100	-1	-1	0	
12	1	3	35	16	100	-1	-1	0	
13	1	0	1	4	100	-1	-1	0	
14	1	1	4	50	100	-1	-1	0	
15	1	2	57	54	100	-1	-1	0	
16	1	3	58	6	100	-1	-1	0	
17	1	0	1	22	100	-1	-1	0	
18	1	1	2	34	100	-1	-1	0	
19	1	2	57	37	100	-1	-1	0	
20	1	3	53	26	100	-1	-1	0	
21	1	0	1	10	100	-1	-1	0	
22	1	1	1	47	100	-1	-1	0	
23	1	2	55	44	100	-1	-1	0	
24	1	3	57	11	100	-1	-1	0	
25	1	0	21	23	100	-1	-1	0	
26	1	1	20	33	100	-1	-1	0	
27	1	2	39	32	100	-1	-1	0	
28	1	3	37	27	100	-1	-1	0	
29	1	0	13	6	100	-1	-1	0	
30	1	1	16	55	100	-1	-1	0	
31	1	2	46	52	100	-1	-1	0	
32	1	3	43	9	100	-1	-1	0	
33	1	0	10	8	100	-1	-1	0	
34	1	1	12	47	100	-1	-1	0	
35	1	2	48	49	100	-1	-1	0	
36	1	3	49	11	100	-1	-1	0	
37	1	0	10	20	100	-1	-1	0	
38	1	1	8	42	100	-1	-1	0	
39	1	2	50	40	100	-1	-1	0	
40	1	3	50	17	100	-1	-1	0	
41	1	0	24	14	100	-1	-1	0	
42	1	1	23	49	100	-1	-1	0	
43	1	2	32	48	100	-1	-1	0	
44	1	3	34	10	100	-1	-1	0	
45	1	0	23	17	100	-1	-1	0	
46	1	1	20	44	100	-1	-1	0	
47	1	2	40	42	100	-1	-1	0	
48	1	3	40	15	100	-1	-1	0	
49	1	0	4	19	100	-1	-1	0	
50	1	1	3	38	100	-1	-1	0	
51	1	2	54	36	100	-1	-1	0	
52	1	3	57	21	100	-1	-1	0	
53	1	0	9	7	100	-1	-1	0	
54	1	1	7	53	100	-1	-1	0	
55	1	2	54	55	100	-1	-1	0	
56	1	3	55	8	100	-1	-1	0	
57	1	0	1	13	100	-1	-1	0	
58	1	1	4	45	100	-1	-1	0	
59	1	2	57	44	100	-1	-1	0	
60	1	3	58	16	100	-1	-1	0	
61	1	0	13	2	100	-1	-1	0	
62	1	1	16	57	100	-1	-1	0	
63	1	2	43	55	100	-1	-1	0	
64	1	3	42	3	100	-1	-1	0	
65	1	0	4	3	100	-1	-1	0	
66	1	1	6	56	100	-1	-1	0	
67	1	2	52	58	100	-1	-1	0	
68	1	3	53	3	100	-1	-1	0	
69	1	0	23	21	100	-1	-1	0	
70	1	1	27	34	100	-1	-1	0	
71	1	2	34	35	100	-1	-1	0	
72	1	3	35	20	100	-1	-1	0	
73	1	0	24	20	100	-1	-1	0	
74	1	1	26	36	100	-1	-1	0	
75	1	2	32	37	100	-1	-1	0	
76	1	3	34	22	100	-1	-1	0	
77	1	0	15	9	100	-1	-1	0	
78	1	1	16	49	100	-1	-1	0	
79	1	2	42	49	100	-1	-1	0	
80	1	3	40	8	100	-1	-1	0	
81	1	0	5	24	100	-1	-1	0	
82	1	1	8	32	100	-1	-1	0	
83	1	2	50	30	100	-1	-1	0	
84	1	3	52	28	100	-1	-1	0	
85	1	0	23	20	100	-1	-1	0	
86	1	1	21	36	100	-1	-1	0	
87	1	2	37	37	100	-1	-1	0	
88	1	3	40	21	100	-1	-1	0	
-1

fire
rounds	i	j
-1

round 3

total_score
130	80	80	80	

status
0	0	0	0	

land
   000000000011111111112222222222333333333344444444445555555555
   012345678901234567890123456789012345678901234567890123456789

00 XXXXXXXXXXXXXXXXXXXXXXXXXXXXXXXXXXXXXXXXXXXXXXXXXXXXXXXXXXXX
01 X......::::::::..............................::::::::......X
02 X.:::::::::::::::..........................:::::::::::::::.X
03 X.:::::::::::::::..........................:::::::::::::::.X
04 X.:::::::::::::::...OO................OO...:::::::::::::::.X
05 X.::::::::::::::::.OOOO..............OOOO.::::::::::::::::.X
06 X:::::::::::::::::.OOOOO............OOOOO.:::::::::::::::::X
07 X:::::::::::::::::..OO.OOO........OOO.OO..:::::::::::::::::X
08 X::::::::::::::::::......O........O......::::::::::::::::::X
09 X:::::::::::::::::::::::.O........O.:::::::::::::::::::::::X
10 X:::::::::::::::...::::..O........O..::::...:::::::::::::::X
11 X:::::::::::::...X.::::.OO........OO.::::.X...:::::::::::::X
12 X.::::::::.....XXX.::...O..........O...::.XXX.....::::::::.X
13 X.::::::::.XXXXX...::.OOO..........OOO.::...XXXXX.::::::::.X
14 X:::::::::.X.....:::..OOO..........OOO..:::.....X.:::::::::X
15 X:::::::::.X.....:...OOOO.OOOOOOOO.OOOO...:.....X.:::::::::X
16 X:::::::::.X..XX.:.OOO....O......O....OOO.:.XX..X.:::::::::X
17 X.:::......X...X.:.OOO.OOOO......OOOO.OOO.:.X...X......:::.X
18 X.:::.OO...XXXXX.:...OOO............OOO...:.XXXXX...OO.:::.X
19 X.:::.OO.........:::.....::::..::::.....:::.........OO.:::.X
20 X.::..OOOOOO.::::::::::::::::..::::::::::::::::.OOOOOO..::.X
21 X....OOOOOOO.::::::::::::::::::::::::::::::::::.OOOOOOO....X
22 X..OOOOOOOO..::::::::::::::::::::::::::::::::::..OOOOOOOO..X
23 X..OOOOOOO..::::::::::::::.:....:.::::::::::::::..OOOOOOO..X
24 X...OOOOOO.:::::::::::::::........:::::::::::::::.OOOOOO...X
25 X....OOO....::::::::::::::........::::::::::::::....OOO....X
26 X....O.......::::::::::::..........::::::::::::.......O....X
27 X.OOOO........::::::::::............::::::::::........OOOO.X
28 X.OOOOO..........::::::..............::::::..........OOOOO.X
29 X.OOOOO.............::................::.............OOOOO.X
30 X.OOOOO.............::................::.............OOOOO.X
31 X.OOOOO..........::::::..............::::::..........OOOOO.X
32 X.OOOO........::::::::::............::::::::::........OOOO.X
33 X....O.......::::::::::::..........::::::::::::.......O....X
34 X....OOO....::::::::::::::........::::::::::::::....OOO....X
35 X...OOOOOO.:::::::::::::::........:::::::::::::::.OOOOOO...X
36 X..OOOOOOO..::::::::::::::.:....:.::::::::::::::..OOOOOOO..X
37 X..OOOOOOOO..::::::::::::::::::::::::::::::::::..OOOOOOOO..X
38 X....OOOOOOO.::::::::::::::::::::::::::::::::::.OOOOOOO....X
39 X.::..OOOOOO.::::::::::::::::..::::::::::::::::.OOOOOO..::.X
40 X.:::.OO.........:::.....::::..::::.....:::.........OO.:::.X
41 X.:::.OO...XXXXX.:...OOO............OOO...:.XXXXX...OO.:::.X
42 X.:::......X...X.:.OOO.OOOO......OOOO.OOO.:.X...X......:::.X
43 X:::::::::.X..XX.:.OOO....O......O....OOO.:.XX..X.:::::::::X
44 X:::::::::.X.....:...OOOO.OOOOOOOO.OOOO...:.....X.:::::::::X
45 X:::::::::.X.....:::..OOO..........OOO..:::.....X.:::::::::X
46 X.::::::::.XXXXX...::.OOO..........OOO.::...XXXXX.::::::::.X
47 X.::::::::.....XXX.::...O..........O...::.XXX.....::::::::.X
48 X:::::::::::::...X.::::.OO........OO.::::.X...:::::::::::::X
49 X:::::::::::::::...::::..O........O..::::...:::::::::::::::X
50 X:::::::::::::::::::::::.O........O.:::::::::::::::::::::::X
51 X::::::::::::::::::......O........O......::::::::::::::::::X
52 X:::::::::::::::::..OO.OOO........OOO.OO..:::::::::::::::::X
53 X:::::::::::::::::.OOOOO............OOOOO.:::::::::::::::::X
54 X.::::::::::::::::.OOOO..............OOOO.::::::::::::::::.X
55 X.:::::::::::::::...OO................OO...:::::::::::::::.X
56 X.:::::::::::::::..........................:::::::::::::::.X
57 X.:::::::::::::::..........................:::::::::::::::.X
58 X......::::::::..............................::::::::......X
59 XXXXXXXXXXXXXXXXXXXXXXXXXXXXXXXXXXXXXXXXXXXXXXXXXXXXXXXXXXXX

posts
player	i	j	value	
-1	10	22	100
-1	10	37	100
-1	49	37	100
-1	49	22	100
-1	2	2	100
-1	2	57	100
-1	57	57	100
-1	57	2	100
0	10	8	50
-1	10	51	50
-1	49	51	50
-1	49	8	50
0	25	19	50
-1	25	40	50
-1	34	40	50
-1	34	19	50

units
id	type	player	i	j	life	ori	napalm	parachuters	
1	2	0	8	15	-1	0	26	0	
2	2	0	15	5	-1	3	26	0	
3	2	1	7	48	-1	1	26	0	
4	2	1	15	52	-1	2	26	0	
5	2	2	51	44	-1	2	26	0	
6	2	2	46	51	-1	0	26	0	
7	2	3	51	15	-1	2	26	0	
8	2	3	44	8	-1	1	26	0	
9	1	0	25	19	100	-1	-1	0	
10	1	1	23	44	100	-1	-1	0	
11	1	2	35	46	100	-1	-1	0	
12	1	3	36	15	100	-1	-1	0	
13	1	0	1	3	100	-1	-1	0	
14	1	1	5	50	100	-1	-1	0	
15	1	2	57	55	100	-1	-1	0	
16	1	3	57	5	100	-1	-1	0	
17	1	0	1	21	100	-1	-1	0	
18	1	1	2	33	100	-1	-1	0	
19	1	2	57	37	100	-1	-1	0	
20	1	3	53	27	100	-1	-1	0	
21	1	0	1	9	100	-1	-1	0	
22	1	1	2	46	100	-1	-1	0	
23	1	2	56	43	100	-1	-1	0	
24	1	3	56	11	100	-1	-1	0	
25	1	0	22	22	100	-1	-1	0	
26	1	1	21	32	100	-1	-1	0	
27	1	2	40	31	100	-1	-1	0	
28	1	3	37	28	100	-1	-1	0	
29	1	0	12	6	100	-1	-1	0	
30	1	1	17	56	100	-1	-1	0	
31	1	2	47	52	100	-1	-1	0	
32	1	3	44	8	100	-1	-1	0	
33	1	0	9	8	100	-1	-1	0	
34	1	1	12	46	100	-1	-1	0	
35	1	2	48	50	100	-1	-1	0	
36	1	3	50	10	100	-1	-1	0	
37	1	0	10	21	100	-1	-1	0	
38	1	1	8	41	100	-1	-1	0	
39	1	2	49	39	100	-1	-1	0	
40	1	3	51	16	100	-1	-1	0	
41	1	0	24	15	100	-1	-1	0	
42	1	1	22	48	100	-1	-1	0	
43	1	2	32	49	100	-1	-1	0	
44	1	3	33	10	100	-1	-1	0	
45	1	0	24	18	100	-1	-1	0	
46	1	1	21	45	100	-1	-1	0	
47	1	2	40	42	100	-1	-1	0	
48	1	3	39	15	100	-1	-1	0	
49	1	0	5	18	100	-1	-1	0	
50	1	1	3	38	100	-1	-1	0	
51	1	2	54	36	100	-1	-1	0	
52	1	3	56	21	100	-1	-1	0	
53	1	0	8	7	100	-1	-1	0	
54	1	1	6	54	100	-1	-1	0	
55	1	2	55	54	100	-1	-1	0	
56	1	3	54	8	100	-1	-1	0	
57	1	0	1	12	100	-1	-1	0	
58	1	1	5	45	100	-1	-1	0	
59	1	2	57	43	100	-1	-1	0	
60	1	3	57	17	100	-1	-1	0	
61	1	0	12	2	100	-1	-1	0	
62	1	1	15	58	100	-1	-1	0	
63	1	2	43	54	100	-1	-1	0	
64	1	3	41	3	100	-1	-1	0	
65	1	0	3	3	100	-1	-1	0	
66	1	1	6	56	100	-1	-1	0	
67	1	2	52	58	100	-1	-1	0	
68	1	3	53	2	100	-1	-1	0	
69	1	0	24	21	100	-1	-1	0	
70	1	1	28	34	100	-1	-1	0	
71	1	2	34	34	100	-1	-1	0	
72	1	3	35	21	100	-1	-1	0	
73	1	0	24	20	100	-1	-1	0	
74	1	1	26	37	100	-1	-1	0	
75	1	2	32	37	100	-1	-1	0	
76	1	3	34	22	100	-1	-1	0	
77	1	0	14	9	100	-1	-1	0	
78	1	1	16	50	100	-1	-1	0	
79	1	2	43	49	100	-1	-1	0	
80	1	3	40	8	100	-1	-1	0	
81	1	0	4	23	100	-1	-1	0	
82	1	1	7	33	100	-1	-1	0	
83	1	2	50	31	100	-1	-1	0	
84	1	3	53	28	100	-1	-1	0	
85	1	0	24	19	100	-1	-1	0	
86	1	1	21	35	100	-1	-1	0	
87	1	2	37	38	100	-1	-1	0	
88	1	3	39	21	100	-1	-1	0	
-1

fire
rounds	i	j
-1

round 4

total_score
250	100	100	100	

status
0	0	0	0	

land
   000000000011111111112222222222333333333344444444445555555555
   012345678901234567890123456789012345678901234567890123456789

00 XXXXXXXXXXXXXXXXXXXXXXXXXXXXXXXXXXXXXXXXXXXXXXXXXXXXXXXXXXXX
01 X......::::::::..............................::::::::......X
02 X.:::::::::::::::..........................:::::::::::::::.X
03 X.:::::::::::::::..........................:::::::::::::::.X
04 X.:::::::::::::::...OO................OO...:::::::::::::::.X
05 X.::::::::::::::::.OOOO..............OOOO.::::::::::::::::.X
06 X:::::::::::::::::.OOOOO............OOOOO.:::::::::::::::::X
07 X:::::::::::::::::..OO.OOO........OOO.OO..:::::::::::::::::X
08 X::::::::::::::::::......O........O......::::::::::::::::::X
09 X:::::::::::::::::::::::.O........O.:::::::::::::::::::::::X
10 X:::::::::::::::...::::..O........O..::::...:::::::::::::::X
11 X:::::::::::::...X.::::.OO........OO.::::.X...:::::::::::::X
12 X.::::::::.....XXX.::...O..........O...::.XXX.....::::::::.X
13 X.::::::::.XXXXX...::.OOO..........OOO.::...XXXXX.::::::::.X
14 X:::::::::.X.....:::..OOO..........OOO..:::.....X.:::::::::X
15 X:::::::::.X.....:...OOOO.OOOOOOOO.OOOO...:.....X.:::::::::X
16 X:::::::::.X..XX.:.OOO....O......O....OOO.:.XX..X.:::::::::X
17 X.:::......X...X.:.OOO.OOOO......OOOO.OOO.:.X...X......:::.X
18 X.:::.OO...XXXXX.:...OOO............OOO...:.XXXXX...OO.:::.X
19 X.:::.OO.........:::.....::::..::::.....:::.........OO.:::.X
20 X.::..OOOOOO.::::::::::::::::..::::::::::::::::.OOOOOO..::.X
21 X....OOOOOOO.::::::::::::::::::::::::::::::::::.OOOOOOO....X
22 X..OOOOOOOO..::::::::::::::::::::::::::::::::::..OOOOOOOO..X
23 X..OOOOOOO..::::::::::::::.:....:.::::::::::::::..OOOOOOO..X
24 X...OOOOOO.:::::::::::::::........:::::::::::::::.OOOOOO...X
25 X....OOO....::::::::::::::........::::::::::::::....OOO....X
26 X....O.......::::::::::::..........::::::::::::.......O....X
27 X.OOOO........::::::::::............::::::::::........OOOO.X
28 X.OOOOO..........::::::..............::::::..........OOOOO.X
29 X.OOOOO.............::................::.............OOOOO.X
30 X.OOOOO.............::................::.............OOOOO.X
31 X.OOOOO..........::::::..............::::::..........OOOOO.X
32 X.OOOO........::::::::::............::::::::::........OOOO.X
33 X....O.......::::::::::::..........::::::::::::.......O....X
34 X....OOO....::::::::::::::........::::::::::::::....OOO....X
35 X...OOOOOO.:::::::::::::::........:::::::::::::::.OOOOOO...X
36 X..OOOOOOO..::::::::::::::.:....:.::::::::::::::..OOOOOOO..X
37 X..OOOOOOOO..::::::::::::::::::::::::::::::::::..OOOOOOOO..X
38 X....OOOOOOO.::::::::::::::::::::::::::::::::::.OOOOOOO....X
39 X.::..OOOOOO.::::::::::::::::..::::::::::::::::.OOOOOO..::.X
40 X.:::.OO.........:::.....::::..::::.....:::.........OO.:::.X
41 X.:::.OO...XXXXX.:...OOO............OOO...:.XXXXX...OO.:::.X
42 X.:::......X...X.:.OOO.OOOO......OOOO.OOO.:.X...X......:::.X
43 X:::::::::.X..XX.:.OOO....O......O....OOO.:.XX..X.:::::::::X
44 X:::::::::.X.....:...OOOO.OOOOOOOO.OOOO...:.....X.:::::::::X
45 X:::::::::.X.....:::..OOO..........OOO..:::.....X.:::::::::X
46 X.::::::::.XXXXX...::.OOO..........OOO.::...XXXXX.::::::::.X
47 X.::::::::.....XXX.::...O..........O...::.XXX.....::::::::.X
48 X:::::::::::::...X.::::.OO........OO.::::.X...:::::::::::::X
49 X:::::::::::::::...::::..O........O..::::...:::::::::::::::X
50 X:::::::::::::::::::::::.O........O.:::::::::::::::::::::::X
51 X::::::::::::::::::......O........O......::::::::::::::::::X
52 X:::::::::::::::::..OO.OOO........OOO.OO..:::::::::::::::::X
53 X:::::::::::::::::.OOOOO............OOOOO.:::::::::::::::::X
54 X.::::::::::::::::.OOOO..............OOOO.::::::::::::::::.X
55 X.:::::::::::::::...OO................OO...:::::::::::::::.X
56 X.:::::::::::::::..........................:::::::::::::::.X
57 X.:::::::::::::::..........................:::::::::::::::.X
58 X......::::::::..............................::::::::......X
59 XXXXXXXXXXXXXXXXXXXXXXXXXXXXXXXXXXXXXXXXXXXXXXXXXXXXXXXXXXXX

posts
player	i	j	value	
0	10	22	100
-1	10	37	100
-1	49	37	100
-1	49	22	100
0	2	2	100
-1	2	57	100
-1	57	57	100
-1	57	2	100
0	10	8	50
-1	10	51	50
-1	49	51	50
-1	49	8	50
0	25	19	50
-1	25	40	50
-1	34	40	50
-1	34	19	50

units
id	type	player	i	j	life	ori	napalm	parachuters	
1	2	0	8	15	-1	0	25	0	
2	2	0	15	5	-1	0	25	0	
3	2	1	7	50	-1	1	25	0	
4	2	1	13	52	-1	2	25	0	
5	2	2	51	44	-1	2	25	0	
6	2	2	48	51	-1	0	25	0	
7	2	3	51	15	-1	3	25	0	
8	2	3	44	8	-1	2	25	0	
9	1	0	26	18	100	-1	-1	0	
10	1	1	23	45	100	-1	-1	0	
11	1	2	35	45	100	-1	-1	0	
12	1	3	36	15	100	-1	-1	0	
13	1	0	1	3	100	-1	-1	0	
14	1	1	5	50	100	-1	-1	0	
15	1	2	57	55	100	-1	-1	0	
16	1	3	57	4	100	-1	-1	0	
17	1	0	2	20	100	-1	-1	0	
18	1	1	1	34	100	-1	-1	0	
19	1	2	57	36	100	-1	-1	0	
20	1	3	52	28	100	-1	-1	0	
21	1	0	1	8	100	-1	-1	0	
22	1	1	2	47	100	-1	-1	0	
23	1	2	55	43	100	-1	-1	0	
24	1	3	55	11	100	-1	-1	0	
25	1	0	21	22	100	-1	-1	0	
26	1	1	21	33	100	-1	-1	0	
27	1	2	41	32	100	-1	-1	0	
28	1	3	37	28	100	-1	-1	0	
29	1	0	11	6	100	-1	-1	0	
30	1	1	17	56	100	-1	-1	0	
31	1	2	47	53	100	-1	-1	0	
32	1	3	44	7	100	-1	-1	0	
33	1	0	8	8	100	-1	-1	0	
34	1	1	12	45	100	-1	-1	0	
35	1	2	47	49	100	-1	-1	0	
36	1	3	49	10	100	-1	-1	0	
37	1	0	10	22	100	-1	-1	0	
38	1	1	9	40	100	-1	-1	0	
39	1	2	48	38	100	-1	-1	0	
40	1	3	51	15	100	-1	-1	0	
41	1	0	25	14	100	-1	-1	0	
42	1	1	22	48	100	-1	-1	0	
43	1	2	31	48	100	-1	-1	0	
44	1	3	33	10	100	-1	-1	0	
45	1	0	25	17	100	-1	-1	0	
46	1	1	20	46	100	-1	-1	0	
47	1	2	39	42	100	-1	-1	0	
48	1	3	38	15	100	-1	-1	0	
49	1	0	6	18	100	-1	-1	0	
50	1	1	3	39	100	-1	-1	0	
51	1	2	55	35	100	-1	-1	0	
52	1	3	56	21	100	-1	-1	0	
53	1	0	7	6	100	-1	-1	0	
54	1	1	6	53	100	-1	-1	0	
55	1	2	54	55	100	-1	-1	0	
56	1	3	55	8	100	-1	-1	0	
57	1	0	1	11	100	-1	-1	0	
58	1	1	5	46	100	-1	-1	0	
59	1	2	57	43	100	-1	-1	0	
60	1	3	56	18	100	-1	-1	0	
61	1	0	11	2	100	-1	-1	0	
62	1	1	15	58	100	-1	-1	0	
63	1	2	42	53	100	-1	-1	0	
64	1	3	41	4	100	-1	-1	0	
65	1	0	2	2	100	-1	-1	0	
66	1	1	5	55	100	-1	-1	0	
67	1	2	51	58	100	-1	-1	0	
68	1	3	53	1	100	-1	-1	0	
69	1	0	24	21	100	-1	-1	0	
70	1	1	28	34	100	-1	-1	0	
71	1	2	33	33	100	-1	-1	0	
72	1	3	36	22	100	-1	-1	0	
73	1	0	25	20	100	-1	-1	0	
74	1	1	27	38	100	-1	-1	0	
75	1	2	33	37	100	-1	-1	0	
76	1	3	35	22	100	-1	-1	0	
77	1	0	13	9	100	-1	-1	0	
78	1	1	17	49	100	-1	-1	0	
79	1	2	43	49	100	-1	-1	0	
80	1	3	40	8	100	-1	-1	0	
81	1	0	3	22	100	-1	-1	0	
82	1	1	8	32	100	-1	-1	0	
83	1	2	50	30	100	-1	-1	0	
84	1	3	52	27	100	-1	-1	0	
85	1	0	25	18	100	-1	-1	0	
86	1	1	22	36	100	-1	-1	0	
87	1	2	37	38	100	-1	-1	0	
88	1	3	38	20	100	-1	-1	0	
-1

fire
rounds	i	j
-1

round 5

total_score
570	120	120	120	

status
0	0	0	0	

